<?xml version="1.0" encoding="UTF-8"?>
<!-- Generated by org.testng.reporters.JUnitXMLReporter -->
<testsuite ignored="0" hostname="LAPTOP-2EFVOM3E" failures="0" tests="10" name="Test" time="58.089" errors="0" timestamp="2024-06-23T22:50:17 IST">
  <testcase classname="day2.CreatePostRequestwithExternalJsonFile" name="createData" time="3.739"/>
  <testcase classname="day2.CreatePostRequestwithExternalJsonFile" name="deleteData" time="10.041"/>
  <testcase classname="day2.CreatePostRequestWithHashMap" name="createData" time="0.719"/>
  <testcase classname="day2.CreatePostRequestWithHashMap" name="deleteData" time="10.07"/>
  <testcase classname="day2.CreatePostRequestWithJacksonDataBind" name="createData" time="1.778"/>
  <testcase classname="day2.CreatePostRequestWithJacksonDataBind" name="deleteData" time="10.183"/>
  <testcase classname="day2.CreatePostRequestwithOrgJson" name="createData" time="0.139"/>
  <testcase classname="day2.CreatePostRequestwithOrgJson" name="deleteData" time="10.026"/>
  <testcase classname="day2.CreatePostRequestWithPOJO" name="createData" time="0.125"/>
  <testcase classname="day2.CreatePostRequestWithPOJO" name="deleteData" time="11.191"/>
</testsuite> <!-- Test -->
