<?xml version="1.0" encoding="UTF-8"?>
<testng-results ignored="0" total="1" passed="1" failed="0" skipped="0">
  <reporter-output>
  </reporter-output>
  <suite started-at="2024-06-29T18:01:21 IST" name="Default suite" finished-at="2024-06-29T18:01:22 IST" duration-ms="886">
    <groups>
    </groups>
    <test started-at="2024-06-29T18:01:21 IST" name="Default test" finished-at="2024-06-29T18:01:22 IST" duration-ms="886">
      <class name="day7.FakerDataGenerator">
        <test-method signature="fakeDataGenerator()[pri:0, instance:day7.FakerDataGenerator@57cf54e1]" started-at="2024-06-29T18:01:22 IST" name="fakeDataGenerator" finished-at="2024-06-29T18:01:22 IST" duration-ms="759" status="PASS">
          <reporter-output>
          </reporter-output>
        </test-method> <!-- fakeDataGenerator -->
      </class> <!-- day7.FakerDataGenerator -->
    </test> <!-- Default test -->
  </suite> <!-- Default suite -->
</testng-results>
